<?xml version="1.0" encoding="UTF-8"?>
<!-- Generated by org.testng.reporters.JUnitReportReporter -->
<testsuite hostname="LAPTOP-1FE0LK1L" failures="0" tests="1" name="Assinment" time="181.669" errors="0" timestamp="2023-02-10T12:13:58 IST" skipped="0">
  <testcase classname="Assinment" name="assignment" time="181.669"/>
  <system-out/>
</testsuite> <!-- Assinment -->
